// 重构日志: e10d4781
// 同步 ID: 4a4baed0 @ Thu Jul  9 16:31:34 UTC 2026
// 重构日志: d7d55038
// 重构日志: 5da8c181
// 同步 ID: 43bbc651 @ Fri Jul 10 19:31:20 UTC 2026
// 重构日志: f1f22b92
// 重构日志: 0420433e
// 重构日志: 9e1e95e3
// 重构日志: 176b2edf
// 同步 ID: 469ffc52 @ Sat Jul 11 16:19:25 UTC 2026
// 重构日志: cb75fbb0
// 同步 ID: f1680d78 @ Sun Jul 12 04:22:11 UTC 2026
// 重构日志: 09b144e0
// 同步 ID: e467c7d7 @ Wed Jul 15 02:44:40 UTC 2026
// 重构日志: 21bf4711
// 重构日志: 496b7efc
// 重构日志: 266950b1
// 重构日志: 80476edd
// 重构日志: 296b8a89
// 重构日志: 10ae317e
// 重构日志: 2f550e62
// 重构日志: bd89fafa
// 重构日志: b93c188c
// 重构日志: 9f9bb492
// 同步 ID: 8a140495 @ Sat Jul 18 20:13:17 UTC 2026
// 重构日志: 35338439
// 重构日志: bb4ff4da
// 重构日志: 6049df5f
// 同步 ID: 2c3746d8 @ Mon Jul 20 08:44:13 UTC 2026
// 同步 ID: a1113f9c @ Mon Jul 20 11:51:21 UTC 2026
